<?xml version="1.0" encoding="UTF-8"?>
<!-- Generated by org.testng.reporters.JUnitReportReporter -->
<testsuite hostname="DESKTOP-DUB5UPV" name="runner.TestRunner" tests="1" failures="0" timestamp="14 Aug 2021 04:45:18 GMT" time="13.521" errors="0">
  <testcase name="runScenario" time="13.521" classname="runner.TestRunner"/>
</testsuite> <!-- runner.TestRunner -->
